-------------------------------------------------------------------------------
Test set: ecommerce.backend.rest.service.TwitterServiceImplTest
-------------------------------------------------------------------------------
Tests run: 1, Failures: 0, Errors: 1, Skipped: 0, Time elapsed: 1.799 s <<< FAILURE! - in ecommerce.backend.rest.service.TwitterServiceImplTest
testGetTwittersByIdItShouldHTTPCodeOk200  Time elapsed: 0.002 s  <<< ERROR!
java.lang.IllegalStateException: Failed to load ApplicationContext
Caused by: org.springframework.beans.factory.UnsatisfiedDependencyException: Error creating bean with name 'TwitterServiceImple': Unsatisfied dependency expressed through field 'twitterRepository'; nested exception is org.springframework.beans.factory.NoSuchBeanDefinitionException: No qualifying bean of type 'ecommerce.backend.rest.repository.TwitterRepository' available: expected at least 1 bean which qualifies as autowire candidate. Dependency annotations: {@org.springframework.beans.factory.annotation.Autowired(required=true)}
Caused by: org.springframework.beans.factory.NoSuchBeanDefinitionException: No qualifying bean of type 'ecommerce.backend.rest.repository.TwitterRepository' available: expected at least 1 bean which qualifies as autowire candidate. Dependency annotations: {@org.springframework.beans.factory.annotation.Autowired(required=true)}

